Determining if the pthread_create exist failed with the following output:
Change Dir: /home/niraj/MyComputer/StudyStuff/RoboticsLab3/workspaces/catkin_ws/build/CMakeFiles/CMakeTmp

Run Build Command:"/usr/bin/make" "cmTC_972dd/fast"
/usr/bin/make -f CMakeFiles/cmTC_972dd.dir/build.make CMakeFiles/cmTC_972dd.dir/build
make[1]: Entering directory '/home/niraj/MyComputer/StudyStuff/RoboticsLab3/workspaces/catkin_ws/build/CMakeFiles/CMakeTmp'
Building C object CMakeFiles/cmTC_972dd.dir/CheckSymbolExists.c.o
/usr/bin/cc    -o CMakeFiles/cmTC_972dd.dir/CheckSymbolExists.c.o   -c /home/niraj/MyComputer/StudyStuff/RoboticsLab3/workspaces/catkin_ws/build/CMakeFiles/CMakeTmp/CheckSymbolExists.c
Linking C executable cmTC_972dd
/usr/bin/cmake -E cmake_link_script CMakeFiles/cmTC_972dd.dir/link.txt --verbose=1
/usr/bin/cc      -rdynamic CMakeFiles/cmTC_972dd.dir/CheckSymbolExists.c.o  -o cmTC_972dd 
CMakeFiles/cmTC_972dd.dir/CheckSymbolExists.c.o: In function `main':
CheckSymbolExists.c:(.text+0x1b): undefined reference to `pthread_create'
collect2: error: ld returned 1 exit status
CMakeFiles/cmTC_972dd.dir/build.make:97: recipe for target 'cmTC_972dd' failed
make[1]: *** [cmTC_972dd] Error 1
make[1]: Leaving directory '/home/niraj/MyComputer/StudyStuff/RoboticsLab3/workspaces/catkin_ws/build/CMakeFiles/CMakeTmp'
Makefile:126: recipe for target 'cmTC_972dd/fast' failed
make: *** [cmTC_972dd/fast] Error 2

File /home/niraj/MyComputer/StudyStuff/RoboticsLab3/workspaces/catkin_ws/build/CMakeFiles/CMakeTmp/CheckSymbolExists.c:
/* */
#include <pthread.h>

int main(int argc, char** argv)
{
  (void)argv;
#ifndef pthread_create
  return ((int*)(&pthread_create))[argc];
#else
  (void)argc;
  return 0;
#endif
}

Determining if the function pthread_create exists in the pthreads failed with the following output:
Change Dir: /home/niraj/MyComputer/StudyStuff/RoboticsLab3/workspaces/catkin_ws/build/CMakeFiles/CMakeTmp

Run Build Command:"/usr/bin/make" "cmTC_4def9/fast"
/usr/bin/make -f CMakeFiles/cmTC_4def9.dir/build.make CMakeFiles/cmTC_4def9.dir/build
make[1]: Entering directory '/home/niraj/MyComputer/StudyStuff/RoboticsLab3/workspaces/catkin_ws/build/CMakeFiles/CMakeTmp'
Building C object CMakeFiles/cmTC_4def9.dir/CheckFunctionExists.c.o
/usr/bin/cc   -DCHECK_FUNCTION_EXISTS=pthread_create   -o CMakeFiles/cmTC_4def9.dir/CheckFunctionExists.c.o   -c /usr/share/cmake-3.10/Modules/CheckFunctionExists.c
Linking C executable cmTC_4def9
/usr/bin/cmake -E cmake_link_script CMakeFiles/cmTC_4def9.dir/link.txt --verbose=1
/usr/bin/cc  -DCHECK_FUNCTION_EXISTS=pthread_create    -rdynamic CMakeFiles/cmTC_4def9.dir/CheckFunctionExists.c.o  -o cmTC_4def9 -lpthreads 
/usr/bin/ld: cannot find -lpthreads
collect2: error: ld returned 1 exit status
CMakeFiles/cmTC_4def9.dir/build.make:97: recipe for target 'cmTC_4def9' failed
make[1]: *** [cmTC_4def9] Error 1
make[1]: Leaving directory '/home/niraj/MyComputer/StudyStuff/RoboticsLab3/workspaces/catkin_ws/build/CMakeFiles/CMakeTmp'
Makefile:126: recipe for target 'cmTC_4def9/fast' failed
make: *** [cmTC_4def9/fast] Error 2


